# File generated using DrTransformer v0.9
#
# >NoName
# CUGCGGCUUUGGCUCUAGCC 
#
# Co-transcriptional folding parameters:
# --t-ext: 0.02 sec
# --t-end: 60 sec
# --start: 1
# --stop: 21
#
# Algorithm parameters:
# --o-prune: 0.1
# --t-fast: 0.001 sec
# --min-fraying: 6 nuc
# --k0: 200000.0
#
# ViennaRNA model details:
# --temp: 37.0 C
# --dangles: 2
# --paramFile: None
# --noTetra: False
# --noGU: False
# --noClosingGU: False
#
#
# Results:
# Tanscription Step | Energy-sorted structure count | Structure | Energy | [Occupancy-t0 Occupancy-t8] | Structure ID (-> Plotting ID)
   1    1 .   0.00 [1.0000 -> 1.0000] ID = 0
   2    1 ..   0.00 [1.0000 -> 1.0000] ID = 0
   3    1 ...   0.00 [1.0000 -> 1.0000] ID = 0
   4    1 ....   0.00 [1.0000 -> 1.0000] ID = 0
   5    1 .....   0.00 [1.0000 -> 1.0000] ID = 0
   6    1 ......   0.00 [1.0000 -> 1.0000] ID = 0
   7    1 .......   0.00 [1.0000 -> 1.0000] ID = 0
   8    1 ........   0.00 [1.0000 -> 1.0000] ID = 0
   9    1 .........   0.00 [1.0000 -> 1.0000] ID = 0
  10    1 ..........   0.00 [1.0000 -> 1.0000] ID = 0
  11    1 ...........   0.00 [1.0000 -> 1.0000] ID = 0
  12    1 ............   0.00 [1.0000 -> 1.0000] ID = 0
  13    1 ..((.......))  -1.00 [1.0000 -> 1.0000] ID = 1
  14    1 ....(((....)))  -1.90 [0.0000 -> 0.8116] ID = 2
  14    2 ..((.......)).  -1.00 [1.0000 -> 0.1884] ID = 1
  15    1 ....(((....))).  -1.90 [0.8116 -> 0.8116] ID = 2
  15    2 ..((.......))..  -1.00 [0.1884 -> 0.1884] ID = 1
  16    1 ....(((....)))..  -1.90 [0.8116 -> 0.8116] ID = 2
  16    2 ..((.......))...  -1.00 [0.1884 -> 0.1884] ID = 1
  17    1 ....(((....)))...  -1.90 [0.8116 -> 0.8116] ID = 2
  17    2 ..((.......))....  -1.00 [0.1884 -> 0.1884] ID = 1
  18    1 (((.(((....))).)))  -3.40 [0.8116 -> 0.9800] ID = 3
  18    2 ..((.......)).....  -1.00 [0.1884 -> 0.0200] ID = 1
  19    1 (((.(((....))).))).  -3.40 [1.0000 -> 1.0000] ID = 3
  20    1 ....((((........))))  -4.50 [0.0000 -> 0.8563] ID = 4
  20    2 (((.(((....))).)))..  -3.40 [1.0000 -> 0.1437] ID = 3
# Distribution of structures at the end:
#         CUGCGGCUUUGGCUCUAGCC
  20    1 ....((((........))))  -4.50 0.8563 ID = 4
  20    2 (((.(((....))).)))..  -3.40 0.1437 ID = 3
